2025-09-03 19:31:57 | INFO | Generated buzz: This is a buzz message.
2025-09-03 19:31:57 | INFO | Sent message to topic 'buzzline': This is a buzz message.
2025-09-03 19:31:58 | INFO | Generated buzz: Have a great day!
2025-09-03 19:31:58 | INFO | Sent message to topic 'buzzline': Have a great day!
2025-09-03 19:31:59 | INFO | Generated buzz: I love Python!
2025-09-03 19:31:59 | INFO | Sent message to topic 'buzzline': I love Python!
2025-09-03 19:32:00 | INFO | Generated buzz: Kafka is awesome.
2025-09-03 19:32:00 | INFO | Sent message to topic 'buzzline': Kafka is awesome.
2025-09-03 19:32:01 | INFO | Generated buzz: Streaming data is fun.
2025-09-03 19:32:01 | INFO | Sent message to topic 'buzzline': Streaming data is fun.
2025-09-03 19:32:02 | INFO | Generated buzz: This is a buzz message.
2025-09-03 19:32:02 | INFO | Sent message to topic 'buzzline': This is a buzz message.
2025-09-03 19:32:03 | INFO | Generated buzz: Have a great day!
2025-09-03 19:32:03 | INFO | Sent message to topic 'buzzline': Have a great day!
2025-09-03 19:32:04 | INFO | Generated buzz: I love Python!
2025-09-03 19:32:04 | INFO | Sent message to topic 'buzzline': I love Python!
2025-09-03 19:32:05 | INFO | Generated buzz: Kafka is awesome.
2025-09-03 19:32:05 | INFO | Sent message to topic 'buzzline': Kafka is awesome.
2025-09-03 19:32:06 | INFO | Generated buzz: Streaming data is fun.
2025-09-03 19:32:06 | INFO | Sent message to topic 'buzzline': Streaming data is fun.
2025-09-03 19:32:07 | INFO | Generated buzz: This is a buzz message.
2025-09-03 19:32:07 | INFO | Sent message to topic 'buzzline': This is a buzz message.
2025-09-03 19:32:08 | INFO | Generated buzz: Have a great day!
2025-09-03 19:32:08 | INFO | Sent message to topic 'buzzline': Have a great day!
2025-09-03 19:32:09 | INFO | Generated buzz: I love Python!
2025-09-03 19:32:09 | INFO | Sent message to topic 'buzzline': I love Python!
2025-09-03 19:32:10 | INFO | Generated buzz: Kafka is awesome.
2025-09-03 19:32:10 | INFO | Sent message to topic 'buzzline': Kafka is awesome.
2025-09-03 19:32:11 | INFO | Generated buzz: Streaming data is fun.
2025-09-03 19:32:11 | INFO | Sent message to topic 'buzzline': Streaming data is fun.
2025-09-03 19:32:12 | INFO | Generated buzz: This is a buzz message.
2025-09-03 19:32:12 | INFO | Sent message to topic 'buzzline': This is a buzz message.
2025-09-03 19:32:13 | INFO | Generated buzz: Have a great day!
2025-09-03 19:32:13 | INFO | Sent message to topic 'buzzline': Have a great day!
2025-09-03 19:32:14 | INFO | Generated buzz: I love Python!
2025-09-03 19:32:14 | INFO | Sent message to topic 'buzzline': I love Python!
2025-09-03 19:32:15 | INFO | Generated buzz: Kafka is awesome.
2025-09-03 19:32:15 | INFO | Sent message to topic 'buzzline': Kafka is awesome.
2025-09-03 19:32:16 | INFO | Generated buzz: Streaming data is fun.
2025-09-03 19:32:16 | INFO | Sent message to topic 'buzzline': Streaming data is fun.
2025-09-03 19:32:18 | INFO | Generated buzz: This is a buzz message.
2025-09-03 19:32:18 | INFO | Sent message to topic 'buzzline': This is a buzz message.
2025-09-03 19:32:19 | INFO | Generated buzz: Have a great day!
2025-09-03 19:32:19 | INFO | Sent message to topic 'buzzline': Have a great day!
2025-09-03 19:32:20 | INFO | Generated buzz: I love Python!
2025-09-03 19:32:20 | INFO | Sent message to topic 'buzzline': I love Python!
2025-09-03 19:32:21 | INFO | Generated buzz: Kafka is awesome.
2025-09-03 19:32:21 | INFO | Sent message to topic 'buzzline': Kafka is awesome.
2025-09-03 19:32:22 | INFO | Generated buzz: Streaming data is fun.
2025-09-03 19:32:22 | INFO | Sent message to topic 'buzzline': Streaming data is fun.
2025-09-03 19:32:23 | INFO | Generated buzz: This is a buzz message.
2025-09-03 19:32:23 | INFO | Sent message to topic 'buzzline': This is a buzz message.
2025-09-03 19:32:24 | INFO | Generated buzz: Have a great day!
2025-09-03 19:32:24 | INFO | Sent message to topic 'buzzline': Have a great day!
2025-09-03 19:32:25 | INFO | Generated buzz: I love Python!
2025-09-03 19:32:25 | INFO | Sent message to topic 'buzzline': I love Python!
2025-09-03 19:32:26 | INFO | Generated buzz: Kafka is awesome.
2025-09-03 19:32:26 | INFO | Sent message to topic 'buzzline': Kafka is awesome.
2025-09-03 19:32:27 | INFO | Generated buzz: Streaming data is fun.
2025-09-03 19:32:27 | INFO | Sent message to topic 'buzzline': Streaming data is fun.
2025-09-03 19:32:28 | INFO | Generated buzz: This is a buzz message.
2025-09-03 19:32:28 | INFO | Sent message to topic 'buzzline': This is a buzz message.
2025-09-03 19:32:29 | INFO | Generated buzz: Have a great day!
2025-09-03 19:32:29 | INFO | Sent message to topic 'buzzline': Have a great day!
2025-09-03 19:32:30 | INFO | Generated buzz: I love Python!
2025-09-03 19:32:30 | INFO | Sent message to topic 'buzzline': I love Python!
2025-09-03 19:32:31 | INFO | Generated buzz: Kafka is awesome.
2025-09-03 19:32:31 | INFO | Sent message to topic 'buzzline': Kafka is awesome.
2025-09-03 19:32:32 | INFO | Generated buzz: Streaming data is fun.
2025-09-03 19:32:32 | INFO | Sent message to topic 'buzzline': Streaming data is fun.
2025-09-03 19:32:33 | INFO | Generated buzz: This is a buzz message.
2025-09-03 19:32:33 | INFO | Sent message to topic 'buzzline': This is a buzz message.
2025-09-03 19:32:34 | INFO | Generated buzz: Have a great day!
2025-09-03 19:32:34 | INFO | Sent message to topic 'buzzline': Have a great day!
2025-09-03 19:32:35 | INFO | Generated buzz: I love Python!
2025-09-03 19:32:35 | INFO | Sent message to topic 'buzzline': I love Python!
2025-09-03 19:32:36 | INFO | Generated buzz: Kafka is awesome.
2025-09-03 19:32:36 | INFO | Sent message to topic 'buzzline': Kafka is awesome.
2025-09-03 19:32:37 | INFO | Generated buzz: Streaming data is fun.
2025-09-03 19:32:37 | INFO | Sent message to topic 'buzzline': Streaming data is fun.
2025-09-03 19:32:38 | INFO | Generated buzz: This is a buzz message.
2025-09-03 19:32:38 | INFO | Sent message to topic 'buzzline': This is a buzz message.
2025-09-03 19:32:39 | INFO | Generated buzz: Have a great day!
2025-09-03 19:32:39 | INFO | Sent message to topic 'buzzline': Have a great day!
2025-09-03 19:32:40 | INFO | Generated buzz: I love Python!
2025-09-03 19:32:40 | INFO | Sent message to topic 'buzzline': I love Python!
2025-09-03 19:32:41 | INFO | Generated buzz: Kafka is awesome.
2025-09-03 19:32:41 | INFO | Sent message to topic 'buzzline': Kafka is awesome.
2025-09-03 19:32:42 | INFO | Generated buzz: Streaming data is fun.
2025-09-03 19:32:42 | INFO | Sent message to topic 'buzzline': Streaming data is fun.
2025-09-03 19:32:43 | INFO | Generated buzz: This is a buzz message.
2025-09-03 19:32:43 | INFO | Sent message to topic 'buzzline': This is a buzz message.
2025-09-03 19:32:44 | INFO | Generated buzz: Have a great day!
2025-09-03 19:32:44 | INFO | Sent message to topic 'buzzline': Have a great day!
2025-09-03 19:32:45 | INFO | Generated buzz: I love Python!
2025-09-03 19:32:45 | INFO | Sent message to topic 'buzzline': I love Python!
2025-09-03 19:32:46 | INFO | Generated buzz: Kafka is awesome.
2025-09-03 19:32:46 | INFO | Sent message to topic 'buzzline': Kafka is awesome.
2025-09-03 19:32:47 | INFO | Generated buzz: Streaming data is fun.
2025-09-03 19:32:47 | INFO | Sent message to topic 'buzzline': Streaming data is fun.
2025-09-03 19:32:48 | INFO | Generated buzz: This is a buzz message.
2025-09-03 19:32:48 | INFO | Sent message to topic 'buzzline': This is a buzz message.
2025-09-03 19:32:49 | INFO | Generated buzz: Have a great day!
2025-09-03 19:32:49 | INFO | Sent message to topic 'buzzline': Have a great day!
2025-09-03 19:32:52 | INFO | Generated buzz: I love Python!
2025-09-03 19:32:52 | INFO | Sent message to topic 'buzzline': I love Python!
2025-09-03 19:32:53 | INFO | Generated buzz: Kafka is awesome.
2025-09-03 19:32:53 | INFO | Sent message to topic 'buzzline': Kafka is awesome.
2025-09-03 19:32:54 | INFO | Generated buzz: Streaming data is fun.
2025-09-03 19:32:54 | INFO | Sent message to topic 'buzzline': Streaming data is fun.
2025-09-03 19:32:55 | INFO | Generated buzz: This is a buzz message.
2025-09-03 19:32:55 | INFO | Sent message to topic 'buzzline': This is a buzz message.
2025-09-03 19:32:56 | INFO | Generated buzz: Have a great day!
2025-09-03 19:32:56 | INFO | Sent message to topic 'buzzline': Have a great day!
2025-09-03 19:32:57 | INFO | Generated buzz: I love Python!
2025-09-03 19:32:57 | INFO | Sent message to topic 'buzzline': I love Python!
2025-09-03 19:32:58 | INFO | Generated buzz: Kafka is awesome.
2025-09-03 19:32:58 | INFO | Sent message to topic 'buzzline': Kafka is awesome.
2025-09-03 19:32:59 | INFO | Generated buzz: Streaming data is fun.
2025-09-03 19:32:59 | INFO | Sent message to topic 'buzzline': Streaming data is fun.
2025-09-03 19:33:00 | INFO | Generated buzz: This is a buzz message.
2025-09-03 19:33:00 | INFO | Sent message to topic 'buzzline': This is a buzz message.
2025-09-03 19:33:01 | INFO | Generated buzz: Have a great day!
2025-09-03 19:33:01 | INFO | Sent message to topic 'buzzline': Have a great day!
2025-09-03 19:33:02 | INFO | Generated buzz: I love Python!
2025-09-03 19:33:02 | INFO | Sent message to topic 'buzzline': I love Python!
2025-09-03 19:33:03 | INFO | Generated buzz: Kafka is awesome.
2025-09-03 19:33:03 | INFO | Sent message to topic 'buzzline': Kafka is awesome.
2025-09-03 19:33:04 | INFO | Generated buzz: Streaming data is fun.
2025-09-03 19:33:04 | INFO | Sent message to topic 'buzzline': Streaming data is fun.
2025-09-03 19:33:05 | INFO | Generated buzz: This is a buzz message.
2025-09-03 19:33:05 | INFO | Sent message to topic 'buzzline': This is a buzz message.
2025-09-03 19:33:06 | INFO | Generated buzz: Have a great day!
2025-09-03 19:33:06 | INFO | Sent message to topic 'buzzline': Have a great day!
2025-09-03 19:33:07 | INFO | Generated buzz: I love Python!
2025-09-03 19:33:07 | INFO | Sent message to topic 'buzzline': I love Python!
2025-09-03 19:33:08 | INFO | Generated buzz: Kafka is awesome.
2025-09-03 19:33:08 | INFO | Sent message to topic 'buzzline': Kafka is awesome.
2025-09-03 19:33:09 | INFO | Generated buzz: Streaming data is fun.
2025-09-03 19:33:09 | INFO | Sent message to topic 'buzzline': Streaming data is fun.
2025-09-03 19:33:10 | INFO | Generated buzz: This is a buzz message.
2025-09-03 19:33:10 | INFO | Sent message to topic 'buzzline': This is a buzz message.
2025-09-03 19:33:11 | INFO | Generated buzz: Have a great day!
2025-09-03 19:33:11 | INFO | Sent message to topic 'buzzline': Have a great day!
2025-09-03 19:33:12 | INFO | Generated buzz: I love Python!
2025-09-03 19:33:12 | INFO | Sent message to topic 'buzzline': I love Python!
2025-09-03 19:33:13 | INFO | Generated buzz: Kafka is awesome.
2025-09-03 19:33:13 | INFO | Sent message to topic 'buzzline': Kafka is awesome.
2025-09-03 19:33:14 | INFO | Generated buzz: Streaming data is fun.
2025-09-03 19:33:14 | INFO | Sent message to topic 'buzzline': Streaming data is fun.
2025-09-03 19:33:15 | INFO | Generated buzz: This is a buzz message.
2025-09-03 19:33:15 | INFO | Sent message to topic 'buzzline': This is a buzz message.
2025-09-03 19:33:16 | INFO | Generated buzz: Have a great day!
2025-09-03 19:33:16 | INFO | Sent message to topic 'buzzline': Have a great day!
2025-09-03 19:33:17 | INFO | Generated buzz: I love Python!
2025-09-03 19:33:17 | INFO | Sent message to topic 'buzzline': I love Python!
2025-09-03 19:33:18 | INFO | Generated buzz: Kafka is awesome.
2025-09-03 19:33:18 | INFO | Sent message to topic 'buzzline': Kafka is awesome.
2025-09-03 19:33:19 | INFO | Generated buzz: Streaming data is fun.
2025-09-03 19:33:19 | INFO | Sent message to topic 'buzzline': Streaming data is fun.
2025-09-03 19:33:20 | INFO | Generated buzz: This is a buzz message.
2025-09-03 19:33:20 | INFO | Sent message to topic 'buzzline': This is a buzz message.
2025-09-03 19:33:21 | INFO | Generated buzz: Have a great day!
2025-09-03 19:33:21 | INFO | Sent message to topic 'buzzline': Have a great day!
2025-09-03 19:33:22 | INFO | Generated buzz: I love Python!
2025-09-03 19:33:22 | INFO | Sent message to topic 'buzzline': I love Python!
2025-09-03 19:33:23 | INFO | Generated buzz: Kafka is awesome.
2025-09-03 19:33:23 | INFO | Sent message to topic 'buzzline': Kafka is awesome.
2025-09-03 19:33:25 | INFO | Generated buzz: Streaming data is fun.
2025-09-03 19:33:25 | INFO | Sent message to topic 'buzzline': Streaming data is fun.
2025-09-03 19:33:26 | INFO | Generated buzz: This is a buzz message.
2025-09-03 19:33:26 | INFO | Sent message to topic 'buzzline': This is a buzz message.
2025-09-03 19:33:27 | INFO | Generated buzz: Have a great day!
2025-09-03 19:33:27 | INFO | Sent message to topic 'buzzline': Have a great day!
2025-09-03 19:33:28 | INFO | Generated buzz: I love Python!
2025-09-03 19:33:28 | INFO | Sent message to topic 'buzzline': I love Python!
2025-09-03 19:33:29 | INFO | Generated buzz: Kafka is awesome.
2025-09-03 19:33:29 | INFO | Sent message to topic 'buzzline': Kafka is awesome.
2025-09-03 19:33:30 | INFO | Generated buzz: Streaming data is fun.
2025-09-03 19:33:30 | INFO | Sent message to topic 'buzzline': Streaming data is fun.
2025-09-03 19:33:31 | INFO | Generated buzz: This is a buzz message.
2025-09-03 19:33:31 | INFO | Sent message to topic 'buzzline': This is a buzz message.
2025-09-03 19:33:32 | INFO | Generated buzz: Have a great day!
2025-09-03 19:33:32 | INFO | Sent message to topic 'buzzline': Have a great day!
2025-09-03 19:33:33 | INFO | Generated buzz: I love Python!
2025-09-03 19:33:33 | INFO | Sent message to topic 'buzzline': I love Python!
2025-09-03 19:33:34 | INFO | Generated buzz: Kafka is awesome.
2025-09-03 19:33:34 | INFO | Sent message to topic 'buzzline': Kafka is awesome.
2025-09-03 19:33:35 | INFO | Generated buzz: Streaming data is fun.
2025-09-03 19:33:35 | INFO | Sent message to topic 'buzzline': Streaming data is fun.
2025-09-03 19:33:36 | INFO | Generated buzz: This is a buzz message.
2025-09-03 19:33:36 | INFO | Sent message to topic 'buzzline': This is a buzz message.
2025-09-03 19:33:37 | INFO | Generated buzz: Have a great day!
2025-09-03 19:33:37 | INFO | Sent message to topic 'buzzline': Have a great day!
2025-09-03 19:33:39 | INFO | Generated buzz: I love Python!
2025-09-03 19:33:39 | INFO | Sent message to topic 'buzzline': I love Python!
2025-09-03 19:33:40 | INFO | Generated buzz: Kafka is awesome.
2025-09-03 19:33:40 | INFO | Sent message to topic 'buzzline': Kafka is awesome.
2025-09-03 19:33:41 | INFO | Generated buzz: Streaming data is fun.
2025-09-03 19:33:41 | INFO | Sent message to topic 'buzzline': Streaming data is fun.
2025-09-03 19:33:42 | INFO | Generated buzz: This is a buzz message.
2025-09-03 19:33:42 | INFO | Sent message to topic 'buzzline': This is a buzz message.
2025-09-03 19:33:43 | INFO | Generated buzz: Have a great day!
2025-09-03 19:33:43 | INFO | Sent message to topic 'buzzline': Have a great day!
2025-09-03 19:33:44 | INFO | Generated buzz: I love Python!
2025-09-03 19:33:44 | INFO | Sent message to topic 'buzzline': I love Python!
2025-09-03 19:33:45 | INFO | Generated buzz: Kafka is awesome.
2025-09-03 19:33:45 | INFO | Sent message to topic 'buzzline': Kafka is awesome.
2025-09-03 19:33:46 | INFO | Generated buzz: Streaming data is fun.
2025-09-03 19:33:46 | INFO | Sent message to topic 'buzzline': Streaming data is fun.
2025-09-03 19:33:47 | INFO | Generated buzz: This is a buzz message.
2025-09-03 19:33:47 | INFO | Sent message to topic 'buzzline': This is a buzz message.
2025-09-03 19:33:48 | INFO | Generated buzz: Have a great day!
2025-09-03 19:33:48 | INFO | Sent message to topic 'buzzline': Have a great day!
2025-09-03 19:33:49 | INFO | Generated buzz: I love Python!
2025-09-03 19:33:49 | INFO | Sent message to topic 'buzzline': I love Python!
2025-09-03 19:33:50 | INFO | Generated buzz: Kafka is awesome.
2025-09-03 19:33:50 | INFO | Sent message to topic 'buzzline': Kafka is awesome.
2025-09-03 19:33:51 | INFO | Generated buzz: Streaming data is fun.
2025-09-03 19:33:51 | INFO | Sent message to topic 'buzzline': Streaming data is fun.
2025-09-03 19:33:52 | INFO | Generated buzz: This is a buzz message.
2025-09-03 19:33:52 | INFO | Sent message to topic 'buzzline': This is a buzz message.
2025-09-03 19:33:53 | INFO | Generated buzz: Have a great day!
2025-09-03 19:33:53 | INFO | Sent message to topic 'buzzline': Have a great day!
2025-09-03 19:33:54 | INFO | Generated buzz: I love Python!
2025-09-03 19:33:54 | INFO | Sent message to topic 'buzzline': I love Python!
2025-09-03 19:33:55 | INFO | Generated buzz: Kafka is awesome.
2025-09-03 19:33:55 | INFO | Sent message to topic 'buzzline': Kafka is awesome.
2025-09-03 19:33:56 | INFO | Generated buzz: Streaming data is fun.
2025-09-03 19:33:56 | INFO | Sent message to topic 'buzzline': Streaming data is fun.
2025-09-03 19:33:57 | INFO | Generated buzz: This is a buzz message.
2025-09-03 19:33:57 | INFO | Sent message to topic 'buzzline': This is a buzz message.
2025-09-03 19:33:59 | INFO | Generated buzz: Have a great day!
2025-09-03 19:33:59 | INFO | Sent message to topic 'buzzline': Have a great day!
2025-09-03 19:34:00 | INFO | Generated buzz: I love Python!
2025-09-03 19:34:00 | INFO | Sent message to topic 'buzzline': I love Python!
2025-09-03 19:34:01 | INFO | Generated buzz: Kafka is awesome.
2025-09-03 19:34:01 | INFO | Sent message to topic 'buzzline': Kafka is awesome.
2025-09-03 19:34:02 | INFO | Generated buzz: Streaming data is fun.
2025-09-03 19:34:02 | INFO | Sent message to topic 'buzzline': Streaming data is fun.
2025-09-03 19:34:03 | INFO | Generated buzz: This is a buzz message.
2025-09-03 19:34:03 | INFO | Sent message to topic 'buzzline': This is a buzz message.
2025-09-03 19:34:04 | INFO | Generated buzz: Have a great day!
2025-09-03 19:34:04 | INFO | Sent message to topic 'buzzline': Have a great day!
2025-09-03 19:34:05 | INFO | Generated buzz: I love Python!
2025-09-03 19:34:05 | INFO | Sent message to topic 'buzzline': I love Python!
2025-09-03 19:34:06 | INFO | Generated buzz: Kafka is awesome.
2025-09-03 19:34:06 | INFO | Sent message to topic 'buzzline': Kafka is awesome.
2025-09-03 19:34:07 | INFO | Generated buzz: Streaming data is fun.
2025-09-03 19:34:07 | INFO | Sent message to topic 'buzzline': Streaming data is fun.
2025-09-03 19:34:08 | INFO | Generated buzz: This is a buzz message.
2025-09-03 19:34:08 | INFO | Sent message to topic 'buzzline': This is a buzz message.
2025-09-03 19:34:09 | INFO | Generated buzz: Have a great day!
2025-09-03 19:34:09 | INFO | Sent message to topic 'buzzline': Have a great day!
2025-09-03 19:34:10 | INFO | Generated buzz: I love Python!
2025-09-03 19:34:10 | INFO | Sent message to topic 'buzzline': I love Python!
2025-09-03 19:34:11 | INFO | Generated buzz: Kafka is awesome.
2025-09-03 19:34:11 | INFO | Sent message to topic 'buzzline': Kafka is awesome.
2025-09-03 19:34:12 | INFO | Generated buzz: Streaming data is fun.
2025-09-03 19:34:12 | INFO | Sent message to topic 'buzzline': Streaming data is fun.
2025-09-03 19:34:13 | INFO | Generated buzz: This is a buzz message.
2025-09-03 19:34:13 | INFO | Sent message to topic 'buzzline': This is a buzz message.
2025-09-03 19:34:14 | INFO | Generated buzz: Have a great day!
2025-09-03 19:34:14 | INFO | Sent message to topic 'buzzline': Have a great day!
2025-09-03 19:34:15 | INFO | Generated buzz: I love Python!
2025-09-03 19:34:15 | INFO | Sent message to topic 'buzzline': I love Python!
2025-09-03 19:34:16 | INFO | Generated buzz: Kafka is awesome.
2025-09-03 19:34:16 | INFO | Sent message to topic 'buzzline': Kafka is awesome.
2025-09-03 19:34:17 | INFO | Generated buzz: Streaming data is fun.
2025-09-03 19:34:17 | INFO | Sent message to topic 'buzzline': Streaming data is fun.
2025-09-03 19:34:18 | INFO | Generated buzz: This is a buzz message.
2025-09-03 19:34:18 | INFO | Sent message to topic 'buzzline': This is a buzz message.
2025-09-03 19:34:19 | INFO | Generated buzz: Have a great day!
2025-09-03 19:34:19 | INFO | Sent message to topic 'buzzline': Have a great day!
2025-09-03 19:34:20 | INFO | Generated buzz: I love Python!
2025-09-03 19:34:20 | INFO | Sent message to topic 'buzzline': I love Python!
2025-09-03 19:34:21 | INFO | Generated buzz: Kafka is awesome.
2025-09-03 19:34:21 | INFO | Sent message to topic 'buzzline': Kafka is awesome.
2025-09-03 19:34:22 | INFO | Generated buzz: Streaming data is fun.
2025-09-03 19:34:22 | INFO | Sent message to topic 'buzzline': Streaming data is fun.
2025-09-03 19:34:23 | INFO | Generated buzz: This is a buzz message.
2025-09-03 19:34:23 | INFO | Sent message to topic 'buzzline': This is a buzz message.
2025-09-03 19:34:24 | INFO | Generated buzz: Have a great day!
2025-09-03 19:34:24 | INFO | Sent message to topic 'buzzline': Have a great day!
2025-09-03 19:34:25 | INFO | Generated buzz: I love Python!
2025-09-03 19:34:25 | INFO | Sent message to topic 'buzzline': I love Python!
2025-09-03 19:34:26 | INFO | Generated buzz: Kafka is awesome.
2025-09-03 19:34:26 | INFO | Sent message to topic 'buzzline': Kafka is awesome.
2025-09-03 19:34:27 | INFO | Generated buzz: Streaming data is fun.
2025-09-03 19:34:27 | INFO | Sent message to topic 'buzzline': Streaming data is fun.
2025-09-03 19:34:28 | INFO | Generated buzz: This is a buzz message.
2025-09-03 19:34:28 | INFO | Sent message to topic 'buzzline': This is a buzz message.
2025-09-03 19:34:29 | INFO | Generated buzz: Have a great day!
2025-09-03 19:34:29 | INFO | Sent message to topic 'buzzline': Have a great day!
2025-09-03 19:34:30 | INFO | Generated buzz: I love Python!
2025-09-03 19:34:30 | INFO | Sent message to topic 'buzzline': I love Python!
2025-09-03 19:34:32 | INFO | Generated buzz: Kafka is awesome.
2025-09-03 19:34:32 | INFO | Sent message to topic 'buzzline': Kafka is awesome.
2025-09-03 19:34:33 | INFO | Generated buzz: Streaming data is fun.
2025-09-03 19:34:33 | INFO | Sent message to topic 'buzzline': Streaming data is fun.
2025-09-03 19:34:34 | INFO | Generated buzz: This is a buzz message.
2025-09-03 19:34:34 | INFO | Sent message to topic 'buzzline': This is a buzz message.
2025-09-03 19:34:35 | INFO | Generated buzz: Have a great day!
2025-09-03 19:34:35 | INFO | Sent message to topic 'buzzline': Have a great day!
2025-09-03 19:34:36 | INFO | Generated buzz: I love Python!
2025-09-03 19:34:36 | INFO | Sent message to topic 'buzzline': I love Python!
2025-09-03 19:34:37 | INFO | Generated buzz: Kafka is awesome.
2025-09-03 19:34:37 | INFO | Sent message to topic 'buzzline': Kafka is awesome.
2025-09-03 19:34:38 | INFO | Generated buzz: Streaming data is fun.
2025-09-03 19:34:38 | INFO | Sent message to topic 'buzzline': Streaming data is fun.
2025-09-03 19:34:39 | INFO | Generated buzz: This is a buzz message.
2025-09-03 19:34:39 | INFO | Sent message to topic 'buzzline': This is a buzz message.
2025-09-03 19:34:40 | INFO | Generated buzz: Have a great day!
2025-09-03 19:34:40 | INFO | Sent message to topic 'buzzline': Have a great day!
2025-09-03 19:34:41 | INFO | Generated buzz: I love Python!
2025-09-03 19:34:41 | INFO | Sent message to topic 'buzzline': I love Python!
2025-09-03 19:34:42 | INFO | Generated buzz: Kafka is awesome.
2025-09-03 19:34:42 | INFO | Sent message to topic 'buzzline': Kafka is awesome.
2025-09-03 19:34:43 | INFO | Generated buzz: Streaming data is fun.
2025-09-03 19:34:43 | INFO | Sent message to topic 'buzzline': Streaming data is fun.
2025-09-03 19:34:44 | INFO | Generated buzz: This is a buzz message.
2025-09-03 19:34:44 | INFO | Sent message to topic 'buzzline': This is a buzz message.
2025-09-03 19:34:45 | INFO | Generated buzz: Have a great day!
2025-09-03 19:34:45 | INFO | Sent message to topic 'buzzline': Have a great day!
2025-09-03 19:34:46 | INFO | Generated buzz: I love Python!
2025-09-03 19:34:46 | INFO | Sent message to topic 'buzzline': I love Python!
2025-09-03 19:34:47 | INFO | Generated buzz: Kafka is awesome.
2025-09-03 19:34:47 | INFO | Sent message to topic 'buzzline': Kafka is awesome.
2025-09-03 19:34:48 | INFO | Generated buzz: Streaming data is fun.
2025-09-03 19:34:48 | INFO | Sent message to topic 'buzzline': Streaming data is fun.
2025-09-03 19:34:49 | INFO | Generated buzz: This is a buzz message.
2025-09-03 19:34:49 | INFO | Sent message to topic 'buzzline': This is a buzz message.
2025-09-03 19:34:50 | INFO | Generated buzz: Have a great day!
2025-09-03 19:34:50 | INFO | Sent message to topic 'buzzline': Have a great day!
2025-09-03 19:34:51 | INFO | Generated buzz: I love Python!
2025-09-03 19:34:51 | INFO | Sent message to topic 'buzzline': I love Python!
2025-09-03 19:34:52 | INFO | Generated buzz: Kafka is awesome.
2025-09-03 19:34:52 | INFO | Sent message to topic 'buzzline': Kafka is awesome.
2025-09-03 19:34:53 | INFO | Generated buzz: Streaming data is fun.
2025-09-03 19:34:53 | INFO | Sent message to topic 'buzzline': Streaming data is fun.
2025-09-03 19:34:54 | INFO | Generated buzz: This is a buzz message.
2025-09-03 19:34:54 | INFO | Sent message to topic 'buzzline': This is a buzz message.
2025-09-03 19:34:55 | INFO | Generated buzz: Have a great day!
2025-09-03 19:34:55 | INFO | Sent message to topic 'buzzline': Have a great day!
2025-09-03 19:34:56 | INFO | Generated buzz: I love Python!
2025-09-03 19:34:56 | INFO | Sent message to topic 'buzzline': I love Python!
2025-09-03 19:34:57 | INFO | Generated buzz: Kafka is awesome.
2025-09-03 19:34:57 | INFO | Sent message to topic 'buzzline': Kafka is awesome.
2025-09-03 19:34:58 | INFO | Generated buzz: Streaming data is fun.
2025-09-03 19:34:58 | INFO | Sent message to topic 'buzzline': Streaming data is fun.
2025-09-03 19:34:59 | INFO | Generated buzz: This is a buzz message.
2025-09-03 19:34:59 | INFO | Sent message to topic 'buzzline': This is a buzz message.
2025-09-03 19:35:00 | INFO | Generated buzz: Have a great day!
2025-09-03 19:35:00 | INFO | Sent message to topic 'buzzline': Have a great day!
2025-09-03 19:35:01 | INFO | Generated buzz: I love Python!
2025-09-03 19:35:01 | INFO | Sent message to topic 'buzzline': I love Python!
2025-09-03 19:35:02 | INFO | Generated buzz: Kafka is awesome.
2025-09-03 19:35:02 | INFO | Sent message to topic 'buzzline': Kafka is awesome.
2025-09-03 19:35:03 | INFO | Generated buzz: Streaming data is fun.
2025-09-03 19:35:03 | INFO | Sent message to topic 'buzzline': Streaming data is fun.
2025-09-03 19:35:06 | INFO | Generated buzz: This is a buzz message.
2025-09-03 19:35:06 | INFO | Sent message to topic 'buzzline': This is a buzz message.
2025-09-03 19:35:07 | INFO | Generated buzz: Have a great day!
2025-09-03 19:35:07 | INFO | Sent message to topic 'buzzline': Have a great day!
2025-09-03 19:35:08 | INFO | Generated buzz: I love Python!
2025-09-03 19:35:08 | INFO | Sent message to topic 'buzzline': I love Python!
2025-09-03 19:35:09 | INFO | Generated buzz: Kafka is awesome.
2025-09-03 19:35:09 | INFO | Sent message to topic 'buzzline': Kafka is awesome.
2025-09-03 19:35:10 | INFO | Generated buzz: Streaming data is fun.
2025-09-03 19:35:10 | INFO | Sent message to topic 'buzzline': Streaming data is fun.
2025-09-03 19:35:11 | INFO | Generated buzz: This is a buzz message.
2025-09-03 19:35:11 | INFO | Sent message to topic 'buzzline': This is a buzz message.
2025-09-03 19:35:12 | INFO | Generated buzz: Have a great day!
2025-09-03 19:35:12 | INFO | Sent message to topic 'buzzline': Have a great day!
2025-09-03 19:35:13 | INFO | Generated buzz: I love Python!
2025-09-03 19:35:13 | INFO | Sent message to topic 'buzzline': I love Python!
2025-09-03 19:35:14 | INFO | Generated buzz: Kafka is awesome.
2025-09-03 19:35:14 | INFO | Sent message to topic 'buzzline': Kafka is awesome.
2025-09-03 19:35:15 | INFO | Generated buzz: Streaming data is fun.
2025-09-03 19:35:15 | INFO | Sent message to topic 'buzzline': Streaming data is fun.
2025-09-03 19:35:16 | INFO | Generated buzz: This is a buzz message.
2025-09-03 19:35:16 | INFO | Sent message to topic 'buzzline': This is a buzz message.
2025-09-03 19:35:17 | INFO | Generated buzz: Have a great day!
2025-09-03 19:35:17 | INFO | Sent message to topic 'buzzline': Have a great day!
2025-09-03 19:35:18 | INFO | Generated buzz: I love Python!
2025-09-03 19:35:18 | INFO | Sent message to topic 'buzzline': I love Python!
2025-09-03 19:35:19 | INFO | Generated buzz: Kafka is awesome.
2025-09-03 19:35:19 | INFO | Sent message to topic 'buzzline': Kafka is awesome.
2025-09-03 19:35:20 | INFO | Generated buzz: Streaming data is fun.
2025-09-03 19:35:20 | INFO | Sent message to topic 'buzzline': Streaming data is fun.
2025-09-03 19:35:21 | INFO | Generated buzz: This is a buzz message.
2025-09-03 19:35:21 | INFO | Sent message to topic 'buzzline': This is a buzz message.
2025-09-03 19:35:22 | INFO | Generated buzz: Have a great day!
2025-09-03 19:35:22 | INFO | Sent message to topic 'buzzline': Have a great day!
2025-09-03 19:35:23 | INFO | Generated buzz: I love Python!
2025-09-03 19:35:23 | INFO | Sent message to topic 'buzzline': I love Python!
2025-09-03 19:35:24 | INFO | Generated buzz: Kafka is awesome.
2025-09-03 19:35:24 | INFO | Sent message to topic 'buzzline': Kafka is awesome.
2025-09-03 19:35:25 | INFO | Generated buzz: Streaming data is fun.
2025-09-03 19:35:25 | INFO | Sent message to topic 'buzzline': Streaming data is fun.
2025-09-03 19:35:26 | INFO | Generated buzz: This is a buzz message.
2025-09-03 19:35:26 | INFO | Sent message to topic 'buzzline': This is a buzz message.
2025-09-03 19:35:27 | INFO | Generated buzz: Have a great day!
2025-09-03 19:35:27 | INFO | Sent message to topic 'buzzline': Have a great day!
2025-09-03 19:35:28 | INFO | Generated buzz: I love Python!
2025-09-03 19:35:28 | INFO | Sent message to topic 'buzzline': I love Python!
2025-09-03 19:35:29 | INFO | Generated buzz: Kafka is awesome.
2025-09-03 19:35:29 | INFO | Sent message to topic 'buzzline': Kafka is awesome.
2025-09-03 19:35:30 | INFO | Generated buzz: Streaming data is fun.
2025-09-03 19:35:30 | INFO | Sent message to topic 'buzzline': Streaming data is fun.
2025-09-03 19:35:31 | INFO | Generated buzz: This is a buzz message.
2025-09-03 19:35:31 | INFO | Sent message to topic 'buzzline': This is a buzz message.
2025-09-03 19:35:32 | INFO | Generated buzz: Have a great day!
2025-09-03 19:35:32 | INFO | Sent message to topic 'buzzline': Have a great day!
2025-09-03 19:35:33 | INFO | Generated buzz: I love Python!
2025-09-03 19:35:33 | INFO | Sent message to topic 'buzzline': I love Python!
2025-09-03 19:35:34 | INFO | Generated buzz: Kafka is awesome.
2025-09-03 19:35:34 | INFO | Sent message to topic 'buzzline': Kafka is awesome.
2025-09-03 19:35:35 | INFO | Generated buzz: Streaming data is fun.
2025-09-03 19:35:35 | INFO | Sent message to topic 'buzzline': Streaming data is fun.
2025-09-03 19:35:36 | INFO | Generated buzz: This is a buzz message.
2025-09-03 19:35:36 | INFO | Sent message to topic 'buzzline': This is a buzz message.
2025-09-03 19:35:37 | INFO | Generated buzz: Have a great day!
2025-09-03 19:35:37 | INFO | Sent message to topic 'buzzline': Have a great day!
2025-09-03 19:35:39 | INFO | Generated buzz: I love Python!
2025-09-03 19:35:39 | INFO | Sent message to topic 'buzzline': I love Python!
2025-09-03 19:35:40 | INFO | Generated buzz: Kafka is awesome.
2025-09-03 19:35:40 | INFO | Sent message to topic 'buzzline': Kafka is awesome.
2025-09-03 19:35:41 | INFO | Generated buzz: Streaming data is fun.
2025-09-03 19:35:41 | INFO | Sent message to topic 'buzzline': Streaming data is fun.
2025-09-03 19:35:42 | INFO | Generated buzz: This is a buzz message.
2025-09-03 19:35:42 | INFO | Sent message to topic 'buzzline': This is a buzz message.
2025-09-03 19:35:43 | INFO | Generated buzz: Have a great day!
2025-09-03 19:35:43 | INFO | Sent message to topic 'buzzline': Have a great day!
2025-09-03 19:35:44 | INFO | Generated buzz: I love Python!
2025-09-03 19:35:44 | INFO | Sent message to topic 'buzzline': I love Python!
2025-09-03 19:35:45 | INFO | Generated buzz: Kafka is awesome.
2025-09-03 19:35:45 | INFO | Sent message to topic 'buzzline': Kafka is awesome.
2025-09-03 19:35:46 | INFO | Generated buzz: Streaming data is fun.
2025-09-03 19:35:46 | INFO | Sent message to topic 'buzzline': Streaming data is fun.
2025-09-03 19:35:47 | INFO | Generated buzz: This is a buzz message.
2025-09-03 19:35:47 | INFO | Sent message to topic 'buzzline': This is a buzz message.
2025-09-03 19:35:48 | INFO | Generated buzz: Have a great day!
2025-09-03 19:35:48 | INFO | Sent message to topic 'buzzline': Have a great day!
2025-09-03 19:35:49 | INFO | Generated buzz: I love Python!
2025-09-03 19:35:49 | INFO | Sent message to topic 'buzzline': I love Python!
2025-09-03 19:35:50 | INFO | Generated buzz: Kafka is awesome.
2025-09-03 19:35:50 | INFO | Sent message to topic 'buzzline': Kafka is awesome.
2025-09-03 19:35:51 | INFO | Generated buzz: Streaming data is fun.
2025-09-03 19:35:51 | INFO | Sent message to topic 'buzzline': Streaming data is fun.
2025-09-03 19:35:52 | INFO | Generated buzz: This is a buzz message.
2025-09-03 19:35:52 | INFO | Sent message to topic 'buzzline': This is a buzz message.
2025-09-03 19:35:53 | INFO | Generated buzz: Have a great day!
2025-09-03 19:35:53 | INFO | Sent message to topic 'buzzline': Have a great day!
2025-09-03 19:35:54 | INFO | Generated buzz: I love Python!
2025-09-03 19:35:54 | INFO | Sent message to topic 'buzzline': I love Python!
2025-09-03 19:35:55 | INFO | Generated buzz: Kafka is awesome.
2025-09-03 19:35:55 | INFO | Sent message to topic 'buzzline': Kafka is awesome.
2025-09-03 19:35:56 | INFO | Generated buzz: Streaming data is fun.
2025-09-03 19:35:56 | INFO | Sent message to topic 'buzzline': Streaming data is fun.
2025-09-03 19:35:57 | INFO | Generated buzz: This is a buzz message.
2025-09-03 19:35:57 | INFO | Sent message to topic 'buzzline': This is a buzz message.
2025-09-03 19:35:58 | INFO | Generated buzz: Have a great day!
2025-09-03 19:35:58 | INFO | Sent message to topic 'buzzline': Have a great day!
2025-09-03 19:35:59 | INFO | Generated buzz: I love Python!
2025-09-03 19:35:59 | INFO | Sent message to topic 'buzzline': I love Python!
2025-09-03 19:36:00 | INFO | Generated buzz: Kafka is awesome.
2025-09-03 19:36:00 | INFO | Sent message to topic 'buzzline': Kafka is awesome.
2025-09-03 19:36:01 | INFO | Generated buzz: Streaming data is fun.
2025-09-03 19:36:01 | INFO | Sent message to topic 'buzzline': Streaming data is fun.
2025-09-03 19:36:02 | INFO | Generated buzz: This is a buzz message.
2025-09-03 19:36:02 | INFO | Sent message to topic 'buzzline': This is a buzz message.
2025-09-03 19:36:03 | INFO | Generated buzz: Have a great day!
2025-09-03 19:36:03 | INFO | Sent message to topic 'buzzline': Have a great day!
2025-09-03 19:36:04 | INFO | Generated buzz: I love Python!
2025-09-03 19:36:04 | INFO | Sent message to topic 'buzzline': I love Python!
2025-09-03 19:36:05 | INFO | Generated buzz: Kafka is awesome.
2025-09-03 19:36:05 | INFO | Sent message to topic 'buzzline': Kafka is awesome.
2025-09-03 19:36:06 | INFO | Generated buzz: Streaming data is fun.
2025-09-03 19:36:06 | INFO | Sent message to topic 'buzzline': Streaming data is fun.
2025-09-03 19:36:07 | INFO | Generated buzz: This is a buzz message.
2025-09-03 19:36:07 | INFO | Sent message to topic 'buzzline': This is a buzz message.
2025-09-03 19:36:08 | INFO | Generated buzz: Have a great day!
2025-09-03 19:36:08 | INFO | Sent message to topic 'buzzline': Have a great day!
2025-09-03 19:36:09 | INFO | Generated buzz: I love Python!
2025-09-03 19:36:09 | INFO | Sent message to topic 'buzzline': I love Python!
2025-09-03 19:36:10 | INFO | Generated buzz: Kafka is awesome.
2025-09-03 19:36:10 | INFO | Sent message to topic 'buzzline': Kafka is awesome.
2025-09-03 19:36:12 | INFO | Generated buzz: Streaming data is fun.
2025-09-03 19:36:12 | INFO | Sent message to topic 'buzzline': Streaming data is fun.
2025-09-03 19:36:13 | INFO | Generated buzz: This is a buzz message.
2025-09-03 19:36:13 | INFO | Sent message to topic 'buzzline': This is a buzz message.
2025-09-03 19:36:14 | INFO | Generated buzz: Have a great day!
2025-09-03 19:36:14 | INFO | Sent message to topic 'buzzline': Have a great day!
2025-09-03 19:36:15 | INFO | Generated buzz: I love Python!
2025-09-03 19:36:15 | INFO | Sent message to topic 'buzzline': I love Python!
2025-09-03 19:36:16 | INFO | Generated buzz: Kafka is awesome.
2025-09-03 19:36:16 | INFO | Sent message to topic 'buzzline': Kafka is awesome.
2025-09-03 19:36:17 | INFO | Generated buzz: Streaming data is fun.
2025-09-03 19:36:17 | INFO | Sent message to topic 'buzzline': Streaming data is fun.
2025-09-03 19:36:18 | INFO | Generated buzz: This is a buzz message.
2025-09-03 19:36:18 | INFO | Sent message to topic 'buzzline': This is a buzz message.
2025-09-03 19:36:19 | INFO | Generated buzz: Have a great day!
2025-09-03 19:36:19 | INFO | Sent message to topic 'buzzline': Have a great day!
2025-09-03 19:36:20 | INFO | Generated buzz: I love Python!
2025-09-03 19:36:20 | INFO | Sent message to topic 'buzzline': I love Python!
2025-09-03 19:36:21 | INFO | Generated buzz: Kafka is awesome.
2025-09-03 19:36:21 | INFO | Sent message to topic 'buzzline': Kafka is awesome.
2025-09-03 19:36:22 | INFO | Generated buzz: Streaming data is fun.
2025-09-03 19:36:22 | INFO | Sent message to topic 'buzzline': Streaming data is fun.
2025-09-03 19:36:23 | WARNING | Producer interrupted by user.
2025-09-03 19:36:23 | INFO | Kafka producer closed.
2025-09-03 19:36:23 | INFO | END producer.
